<<<<<<< HEAD
c:\users\s189066\downloads\mathlibandunittest-master\mathlibandunittest-master\mathlibary\demoproject\x64\debug\vc141.pdb
c:\users\s189066\downloads\mathlibandunittest-master\mathlibandunittest-master\mathlibary\demoproject\x64\debug\vc141.idb
c:\users\s189066\downloads\mathlibandunittest-master\mathlibandunittest-master\mathlibary\demoproject\x64\debug\tankbody.obj
c:\users\s189066\downloads\mathlibandunittest-master\mathlibandunittest-master\mathlibary\demoproject\x64\debug\main.obj
c:\users\s189066\downloads\mathlibandunittest-master\mathlibandunittest-master\mathlibary\x64\debug\demoproject.exe
c:\users\s189066\downloads\mathlibandunittest-master\mathlibandunittest-master\mathlibary\x64\debug\demoproject.ilk
c:\users\s189066\downloads\mathlibandunittest-master\mathlibandunittest-master\mathlibary\x64\debug\demoproject.pdb
c:\users\s189066\downloads\mathlibandunittest-master\mathlibandunittest-master\mathlibary\demoproject\x64\debug\demoproject.tlog\cl.command.1.tlog
c:\users\s189066\downloads\mathlibandunittest-master\mathlibandunittest-master\mathlibary\demoproject\x64\debug\demoproject.tlog\cl.read.1.tlog
c:\users\s189066\downloads\mathlibandunittest-master\mathlibandunittest-master\mathlibary\demoproject\x64\debug\demoproject.tlog\cl.write.1.tlog
c:\users\s189066\downloads\mathlibandunittest-master\mathlibandunittest-master\mathlibary\demoproject\x64\debug\demoproject.tlog\link.command.1.tlog
c:\users\s189066\downloads\mathlibandunittest-master\mathlibandunittest-master\mathlibary\demoproject\x64\debug\demoproject.tlog\link.read.1.tlog
c:\users\s189066\downloads\mathlibandunittest-master\mathlibandunittest-master\mathlibary\demoproject\x64\debug\demoproject.tlog\link.write.1.tlog
=======
c:\users\s189066\downloads\mathlibandunittest-master\mathlibandunittest-master\mathlibary\demoproject\x64\debug\vc141.pdb
c:\users\s189066\downloads\mathlibandunittest-master\mathlibandunittest-master\mathlibary\demoproject\x64\debug\vc141.idb
c:\users\s189066\downloads\mathlibandunittest-master\mathlibandunittest-master\mathlibary\demoproject\x64\debug\tankbody.obj
c:\users\s189066\downloads\mathlibandunittest-master\mathlibandunittest-master\mathlibary\demoproject\x64\debug\main.obj
c:\users\s189066\downloads\mathlibandunittest-master\mathlibandunittest-master\mathlibary\x64\debug\demoproject.exe
c:\users\s189066\downloads\mathlibandunittest-master\mathlibandunittest-master\mathlibary\x64\debug\demoproject.ilk
c:\users\s189066\downloads\mathlibandunittest-master\mathlibandunittest-master\mathlibary\x64\debug\demoproject.pdb
c:\users\s189066\downloads\mathlibandunittest-master\mathlibandunittest-master\mathlibary\demoproject\x64\debug\demoproject.tlog\cl.command.1.tlog
c:\users\s189066\downloads\mathlibandunittest-master\mathlibandunittest-master\mathlibary\demoproject\x64\debug\demoproject.tlog\cl.read.1.tlog
c:\users\s189066\downloads\mathlibandunittest-master\mathlibandunittest-master\mathlibary\demoproject\x64\debug\demoproject.tlog\cl.write.1.tlog
c:\users\s189066\downloads\mathlibandunittest-master\mathlibandunittest-master\mathlibary\demoproject\x64\debug\demoproject.tlog\link.command.1.tlog
c:\users\s189066\downloads\mathlibandunittest-master\mathlibandunittest-master\mathlibary\demoproject\x64\debug\demoproject.tlog\link.read.1.tlog
c:\users\s189066\downloads\mathlibandunittest-master\mathlibandunittest-master\mathlibary\demoproject\x64\debug\demoproject.tlog\link.write.1.tlog
>>>>>>> 7e36e498667ef64f17f89994ad4b5955f3a43392
